<?xml version="1.0" encoding="UTF-8"?>
<!-- Generated by org.testng.reporters.JUnitXMLReporter -->
<testsuite ignored="4" hostname="DESKTOP-8MO0VGR" failures="2" tests="2" name="Test" time="16.057" errors="0" timestamp="2025-01-30T18:06:30 IST">
  <testcase classname="com.qspider.computers.TC_DWS010_Test" name="clickOnComputer" time="1.79">
    <failure type="java.lang.AssertionError" message="computer page is not displayed expected [Demo Web Shop Computers] but found [Demo Web Shop. Computers]">
      <![CDATA[java.lang.AssertionError: computer page is not displayed expected [Demo Web Shop Computers] but found [Demo Web Shop. Computers]
at com.qspider.computers.TC_DWS010_Test.clickOnComputer(TC_DWS010_Test.java:20)
at java.base/java.util.ArrayList.forEach(ArrayList.java:1597)
... Removed 30 stack frames]]>
    </failure>
  </testcase> <!-- clickOnComputer -->
  <testcase classname="com.qspider.computers.TC_DWS010_Test" name="clickOnComputer" time="5.063">
    <failure type="java.lang.NullPointerException" message="Cannot invoke &amp;quot;org.openqa.selenium.TakesScreenshot.getScreenshotAs(org.openqa.selenium.OutputType)&amp;quot; because &amp;quot;ts&amp;quot; is null">
      <![CDATA[java.lang.NullPointerException: Cannot invoke "org.openqa.selenium.TakesScreenshot.getScreenshotAs(org.openqa.selenium.OutputType)" because "ts" is null
at com.qspider.genericutility.ListenerUtility.onTestFailure(ListenerUtility.java:25)
at java.base/java.util.ArrayList.forEach(ArrayList.java:1597)
... Removed 24 stack frames]]>
    </failure>
  </testcase> <!-- clickOnComputer -->
  <testcase classname="com.qspider.genericutility.BaseClass" name="@BeforeSuite configReport" time="0.0">
    <ignored/>
  </testcase> <!-- @BeforeSuite configReport -->
  <testcase classname="com.qspider.genericutility.BaseClass" name="@BeforeSuite configReport" time="0.0">
    <ignored/>
  </testcase> <!-- @BeforeSuite configReport -->
  <testcase classname="com.qspider.genericutility.BaseClass" name="@AfterSuite reportBackup" time="0.0">
    <ignored/>
  </testcase> <!-- @AfterSuite reportBackup -->
  <testcase classname="com.qspider.genericutility.BaseClass" name="@AfterSuite reportBackup" time="0.0">
    <ignored/>
  </testcase> <!-- @AfterSuite reportBackup -->
</testsuite> <!-- Test -->
