<?xml version="1.0" encoding="UTF-8"?>
<testng-results ignored="0" total="1" passed="0" failed="1" skipped="0">
  <reporter-output>
  </reporter-output>
  <suite started-at="2025-02-01T11:55:09 IST" name="Default suite" finished-at="2025-02-01T11:55:19 IST" duration-ms="9533">
    <groups>
    </groups>
    <test started-at="2025-02-01T11:55:09 IST" name="Default test" finished-at="2025-02-01T11:55:19 IST" duration-ms="9533">
      <class name="com.qspider.computers.TC_DWS010_Test">
        <test-method is-config="true" signature="configReport()[pri:0, instance:com.qspider.computers.TC_DWS010_Test@3bf7ca37]" started-at="2025-02-01T11:55:09 IST" name="configReport" finished-at="2025-02-01T11:55:09 IST" duration-ms="486" status="PASS">
          <reporter-output>
          </reporter-output>
        </test-method> <!-- configReport -->
        <test-method is-config="true" signature="openBrwoser(java.lang.String)[pri:0, instance:com.qspider.computers.TC_DWS010_Test@3bf7ca37]" started-at="2025-02-01T11:55:09 IST" name="openBrwoser" finished-at="2025-02-01T11:55:14 IST" duration-ms="5275" status="PASS">
          <params>
            <param index="0">
              <value>
                <![CDATA[chrome]]>
              </value>
            </param>
          </params>
          <reporter-output>
          </reporter-output>
        </test-method> <!-- openBrwoser -->
        <test-method is-config="true" signature="login()[pri:0, instance:com.qspider.computers.TC_DWS010_Test@3bf7ca37]" started-at="2025-02-01T11:55:14 IST" name="login" finished-at="2025-02-01T11:55:17 IST" duration-ms="2898" status="PASS">
          <reporter-output>
          </reporter-output>
        </test-method> <!-- login -->
        <test-method signature="clickOnComputer()[pri:0, instance:com.qspider.computers.TC_DWS010_Test@3bf7ca37]" started-at="2025-02-01T11:55:17 IST" name="clickOnComputer" finished-at="2025-02-01T11:55:17 IST" duration-ms="22" status="FAIL">
          <exception class="java.lang.NullPointerException">
            <message>
              <![CDATA[Cannot invoke "com.aventstack.extentreports.ExtentTest.log(com.aventstack.extentreports.Status, String)" because "com.qspider.computers.TC_DWS010_Test.test" is null]]>
            </message>
            <full-stacktrace>
              <![CDATA[java.lang.NullPointerException: Cannot invoke "com.aventstack.extentreports.ExtentTest.log(com.aventstack.extentreports.Status, String)" because "com.qspider.computers.TC_DWS010_Test.test" is null
at com.qspider.computers.TC_DWS010_Test.clickOnComputer(TC_DWS010_Test.java:19)
at java.base/jdk.internal.reflect.DirectMethodHandleAccessor.invoke(DirectMethodHandleAccessor.java:103)
at java.base/java.lang.reflect.Method.invoke(Method.java:580)
at org.testng.internal.invokers.MethodInvocationHelper.invokeMethod(MethodInvocationHelper.java:139)
at org.testng.internal.invokers.TestInvoker.invokeMethod(TestInvoker.java:677)
at org.testng.internal.invokers.TestInvoker.invokeTestMethod(TestInvoker.java:221)
at org.testng.internal.invokers.MethodRunner.runInSequence(MethodRunner.java:50)
at org.testng.internal.invokers.TestInvoker$MethodInvocationAgent.invoke(TestInvoker.java:969)
at org.testng.internal.invokers.TestInvoker.invokeTestMethods(TestInvoker.java:194)
at org.testng.internal.invokers.TestMethodWorker.invokeTestMethods(TestMethodWorker.java:148)
at org.testng.internal.invokers.TestMethodWorker.run(TestMethodWorker.java:128)
at java.base/java.util.ArrayList.forEach(ArrayList.java:1597)
at org.testng.TestRunner.privateRun(TestRunner.java:829)
at org.testng.TestRunner.run(TestRunner.java:602)
at org.testng.SuiteRunner.runTest(SuiteRunner.java:437)
at org.testng.SuiteRunner.runSequentially(SuiteRunner.java:431)
at org.testng.SuiteRunner.privateRun(SuiteRunner.java:391)
at org.testng.SuiteRunner.run(SuiteRunner.java:330)
at org.testng.SuiteRunnerWorker.runSuite(SuiteRunnerWorker.java:52)
at org.testng.SuiteRunnerWorker.run(SuiteRunnerWorker.java:95)
at org.testng.TestNG.runSuitesSequentially(TestNG.java:1256)
at org.testng.TestNG.runSuitesLocally(TestNG.java:1176)
at org.testng.TestNG.runSuites(TestNG.java:1099)
at org.testng.TestNG.run(TestNG.java:1067)
at org.testng.remote.AbstractRemoteTestNG.run(AbstractRemoteTestNG.java:115)
at org.testng.remote.RemoteTestNG.initAndRun(RemoteTestNG.java:293)
at org.testng.remote.RemoteTestNG.main(RemoteTestNG.java:91)
]]>
            </full-stacktrace>
          </exception> <!-- java.lang.NullPointerException -->
          <reporter-output>
          </reporter-output>
        </test-method> <!-- clickOnComputer -->
        <test-method is-config="true" signature="Logout()[pri:0, instance:com.qspider.computers.TC_DWS010_Test@3bf7ca37]" started-at="2025-02-01T11:55:17 IST" name="Logout" finished-at="2025-02-01T11:55:18 IST" duration-ms="1000" status="PASS">
          <reporter-output>
          </reporter-output>
        </test-method> <!-- Logout -->
        <test-method is-config="true" signature="closeBrowser()[pri:0, instance:com.qspider.computers.TC_DWS010_Test@3bf7ca37]" started-at="2025-02-01T11:55:18 IST" name="closeBrowser" finished-at="2025-02-01T11:55:19 IST" duration-ms="277" status="PASS">
          <reporter-output>
          </reporter-output>
        </test-method> <!-- closeBrowser -->
        <test-method is-config="true" signature="reportBackup()[pri:0, instance:com.qspider.computers.TC_DWS010_Test@3bf7ca37]" started-at="2025-02-01T11:55:19 IST" name="reportBackup" finished-at="2025-02-01T11:55:19 IST" duration-ms="710" status="PASS">
          <reporter-output>
          </reporter-output>
        </test-method> <!-- reportBackup -->
      </class> <!-- com.qspider.computers.TC_DWS010_Test -->
    </test> <!-- Default test -->
  </suite> <!-- Default suite -->
</testng-results>
